[    0.000000] Initializing cgroup subsys cpuset
[    0.000000] Initializing cgroup subsys cpu
[    0.000000] Initializing cgroup subsys cpuacct
[    0.000000] Linux version 4.4.0-31-geeric (buildd@lgw01-6)(gcc version 5.3.1 20160413 (Ubuntu 5.3.1-14ubuntu2.1) ) #50-Ubuntu SMP Wed Jul 13 00:07:12 UTC 2016 (Ubuntu 4.4.0-31.50-generic 4.4.13)
[    0.000000] Command line: BOOT_IMMAGE=/boot/vmlinuz-4.4.0-31-generic root=LABEL=cloudimg-rootfs ro console=tty1 console=ttyS0
[    0.000000] KERNEL supported cpus:
[    0.000000]   Intel GenuineIntel
[    0.000000]   AMD AuthenticAMD
[    0.000000]   Centaur CentaurHauls
[    0.000000] x86/fpu: xstate_offset[2]:  576, xstate_sizes[2]:  256
[    0.000000] x86/fpu: Supporting XSAVE feature 0x01: 'x87 floating point registers'
[    0.000000] x86/fpu: Supporting XSAVE feature 0x02: 'SSE registers'
[    0.000000] x86/fpu: Supporting XSAVE feature 0x04: 'AVX registers'
[    0.000000] x86/fpu: Enabled xstate features 0x7, context size is 832 bytes, using 'standard' format.
[    0.000000] x86/fpu: Using 'lazy' FPU context switches.
[    0.000000] e820: BIOS-provided physical RAM map:
[    0.000000] BIOS-e820: [mem 0x0000000000000000-0x000000000009fbff] usable
[    0.000000] BIOS-e820: [mem 0x000000000009fc00-0x000000000009fff] reserved
[    0.000000] BIOS-e820: [mem 0x00000000000f0000-0x000000000ffff] reserved
[    0.000000] BIOS-e820: [mem 0x0000000000100000-0x000000007ffeffff] usable
[    0.000000] BIOS-e820: [mem 0x000000007fff0000-0x0000007fffffff] ACPI data
[    0.000000] BIOS-e8220: [mem 0x00000000fffc0000-0x00000000ffffffff] reserved
[    0.000000] NX (Execute Disable) protection: active
[    0.000000] SMBIOS 2.5 present.
[    0.000000] Hypervisor detected: KVM
[    0.000000] e820: last_pfn = 0x7fff0 max_arch_pfn = 0x400000000
[    0.000000] x86/PAT: Configuration [0-7]: WB  WC  UC- UC  WB  WC  UC-   
[  0.000000] MTRR: Disabled
[    0.000000] CPU MTRRs all blank - virtualized system.
[    0.000000] found SMP MP-table at [mem 0x0009fff0-0x0009ffff] mapped at [ffff88000009fff0]
[    0.000000] Scanning 1 areas for low memory corruption
[    0.000000] RAMDISK: [mem 0x371b8000-0x378d3fff]
[    0.000000] ACPI: Early table checksum verification disabled
[    0.000000] ACPI: RSDP 0x00000000000E0000 000024 (v02 VBOX  )
[    0.000000] ACPI: XSDT 0x000000007FFF0030 00003C (v01 VBOX   VBOXXSDT 00000001 ASL  00000061)
[    0.000000] ACPI: FACP 0x000000007FFF00F0 0000F4 (v04 VBOX   VBOXFAC00000001 AL 000000061)
[   0.000000] ACPI: DSDT 0x000000007FFFF0470 002106 (v01 VBOX   VBOXBIOS 0000002 INTL 20100528)
[    0.000000] ACPI: FACS 0x000000007FFFF0200 00040
[    0.000000] ACPI: FACS 0x000000007FFF0200 000040
[    0.000000] ACPI: APIC 0x000000007FFF0240 00005C (v02 VBOX   VBOXAPIC 00000001 ASL  00000061)
[    0.000000] ACPI: SSDT 0x000000007FFF02A0 0001CC (v01 VBOX   VBOXCPUT 00000002 INTL 20100528)
[    0.000000] o NUMA configuration found
[    0.000000] Faking a node at [mem 0x0000000000000000-0x000000007ffeffff]
    0.000000] NODE_DATA(0) allocated [mem 0x7ffeb000-0x7ffeffff]
[    0.000000] kvm-clock: Using msrs 4b564d01 and 4b564d00
[    0.000000] kvm-clock: cpu 0, msr 0:7ffe7001, primary cpu clock
[    0.000000] kv-clock: using sched offset of 3487746288 cycle
[   .000000] clocksource: kvm-clock: mask: 0xffffffffffffffff max_cycles: 0x1cd42e4dffb, max_idle_ns: 881590591483 ns
[    0.000000] Zone ranges:
[    000000]   DMA      [mem 0x0000000000001000-0x0000000000ffffff]
[    0.000000]   DMA32    [mem 0x0000000001000000-0x000000007ffeffff]
[    0.000000]   Normal   empty
[    0.000000]   Device   empty
[    0.000000] Movable zone start for each node
[    0.000000] Early memory node ranges
[    0.000000]   node   0: [mem 0x0000000000001000-0x000000000009efff]
[    0.000000]   node   0: [mem 0x0000000000100000-0x000000007ffeffff]
[    0.000000] Initmem setup node 0 [mem 0x0000000000001000-0x000000007ffeffff]
[    0.000000] ACPI: PM-Timer IO Port: 0x4008
[    0.000000] IOAPIC[0]: apic_id 2, version 17, address 0xfec00000, GSI 0-23
[    0.00000] ACPI: INT_SRC_OVR (bus 0 bus_irq 0 global_irq 2 dl fl)
[    0.000000] ACPI: INT_SRC_OVR (bus 0 bus_irq 9 global_irq 9 high level)
[    0.000000] Using ACPI (MADT) for SMP configuration information
[    0.000000] smpboot: Allowing 2 CPUs, 0 hotplug CPUs
[    0.000000] PM: Registered nosave memory: [mem 0x00000000-0x00000fff]
[    0.000000] PM: Registered nosave memory: [mem 0x0009f000-0x0009ffff]
[    0.000000] PM: Registered nosave memory: [mem 0x000a0000-0x000effff]
[    0.000000] PM: Registered nosave memory: [mem 0x000f0000-0x000fffff]
[    0.000000] e820: [mem 0x80000000-0xffbffff] available for PCI devices
[    0.000000] Botig paravirtualized kernel on KVM
[    0.000000] clocksource: refined-jiffies: mask: 0xffffffff max_cycles: 0xffffffff, max_idle_ns: 7645519600211568 ns
[    0.000000] setup_percpu: NR_CPUS:256 nr_cpumask_bits:256 nr_cpu_ids:2 nr_node_ids:1
[    0.000000] PERCPU: Embedded 33 pages/cpu @ffff88007fc00000 s98008 r8192 d28968 u1048576
[    0.000000] PV qspinlock hash table entries 256 (order: 0, 4096 bytes)
[    0.000000] Built 1 zonelists in Node order, mobility grouping on.  Total pages: 515961
[    0.000000] Policy zone: DMA32
[    0.000000] Kernel command line: BOTIMAGE=/boot/vmlinuz-4.4.0-31-generic root=LABEL=cloudimg-rootfs ro console=tty1 console=tty0
[    0.000000] PID hash tableentries: 4096 (order: 3, 328 byttes)
[    0.000000] Memory: 2037552K/2096696K available (8393K kernel code, 1282K rwdata, 3940K rodata, 1480K init, 1292K bss, 59144K reserved, 0K cma-reserved)
[    0.000000] SLUB: HWalign=64, Order=0-3, MinObjects=0, CPUs=2, Nodes=1
[    0.000000] Hierarchical RCU implementation.
[    0.000000] 	Build-tim adjustment of leaf fanout to 64.
[    0.000000] 	RCU restricting CPUs from NR_CPUS=256 to nr_cpu_ids=2.
[    0.000000] RCU: Adjusting geometry for rcu_fanout_leaf=64, nr_cpu_ids=2
[    0.000000] NR_IRQS:16640 nr_irqs:440 16
[    0.000000] Console: colour VGA+ 80x25
[    0.000000] console [tty1] enabled
[    0.000000] console [ttyS0] enabled
[    0.000000] tsc: Detected 2599.998 MHz processor
[    2.88949] Calibrating delay loop (skipped) preset value.. 5199.99 BogoMIPS (lpj=10399992)
[    2.184742] pid_max: default: 32768 minimum: 301
[    2.189182] ACPI: Core revision 20150930
[    2.197529] ACPI: 2 ACPI AML tables successfully acquired and loaded
[    2.261183] Security Framework initialized
[    2.329146] Yama: becoming mindful.
[    2.369588] AppArmor: AppArmor initialized
[    2.385080] Dentry cache hash table entries: 262144 (order: 9, 2097152 bytes)
[    2.411311] Inode-cache hash table entries: 131072 (order: 8, 1048576 bytes)
[    2.426927] Mount-cache hash table entries: 4096 (order: 3, 32768 bytes)
[    2.452352] Mountpoint-cache hash table entries: 4096 (order: 3, 32768 bytes)
[    2.456052] Initializing cgroup subsys io
[    2.457339] Initializing cgroup subsys memory
[    2.458413] Initializing cgroup subsys devices
[    2.459653] Initializing cgroup subsys freezer
[    2.460933] Initializing cgroup subsys net_cls
[    2.462042] Initializing cgroup subsys perf_event
[    2.463212] Initializing cgroup subsys net_prio
[    2.464518] Initializing cgroup subsys hugetlb
[    2.465715] Initializing cgroup subsys pids
[    2.467361] CPU: Physical Processor ID: 0
[    2.469076] CPU: Processor Core ID: 0
[    2.480097] mce: CPU supports 0 MCE banks
[    2.485774] Last level iTLB entries: 4KB 1024, 2MB 1024, 4MB 1024
[    2.489811] Last level dTLB entries: 4KB 1024, 2MB 1024, 4MB 1024, 1GB 4
[    2.509411] Freeing SMP alternatives memory: 28K (ffffffff820b4000 - ffffffff820bb000)
[    2.539119] ftrace: allocating 31994 entries in 125 pages
[    2.613677] smpboot: Max logical packages: 1
[    2.623241] smpboot: APIC(0) Converting physical 0 to logical package 0
[    2.635560] ..TIMER: vector=0x30 apic1=0 pin1=2 apic2=-1 pin2=-1
[    2.748352] smpboot: CPU0: Intel(R) Core(TM) i5-4278U CPU @ 2.60GHz (family: 0x6, model: 0x45, stepping: 0x1)
[    2.797783] Performance Events: unsupported p6 CPU model 69 no PMU driver, software events only.
[    2.863313] KVM setup paravirtual spinlock
[    2.870804] x86: Booting SMP configuration:
[    2.871871] .... node  #0, CPUs:      #1
[    2.873101] kvm-clock: cpu 1, msr 0:7ffe7041, secondary cpu clock
[    2.877855] mce: CPU supports 0 MCE banks
[    2.882574] x86: Booted up 1 node, 2 CPUs
[    2.894702] smpboot: Total of 2 processors activated (10399.99 BogoMIPS)
[    2.903897] devtmpfs: initialized
[    2.908728] evm: security.selinux
[    2.916514] evm: security.SMACK64
[    2.918113] evm: security.SMACK64EXEC
[    2.925223] evm: security.SMACK64TRANSMUTE
[    2.929344] evm: security.SMACK64MMAP
[    2.944720] evm: security.ima
[    2.968392] evm: security.capability
[    2.974194] clocksource: jiffies: mask: 0xffffffff max_cycles: 0xffffffff, max_idle_ns: 7645041785100000 ns
[    2.983732] pinctrl core: initialized pinctrl subsystem
[    3.022288] RTC time:  8:58:29, date: 08/05/16
[    3.027815] NET: Registered protocol family 16
[    3.040593] cpuidle: using governor ladder
[    3.051966] cpuidle: using governor menu
[    3.054009] PCCT header not found.
[    3.059263] ACPI: bus type PCI registered
[    3.062561] acpiphp: ACPI Hot Plug PCI Controller Driver version: 0.5
[    3.072965] PCI: Using configuration type 1 for base access
[    3.103672] ACPI: Added _OSI(Module Device)
[    3.113263] ACPI: Added _OSI(Processor Device)
[    3.121587] ACPI: Added _OSI(3.0 _SCP Extensions)
[    3.131906] ACPI: Added _OSI(Processor Aggregator Device)
[    3.143963] ACPI: Executed 1 blocks of module-level executable AML code
[    3.162842] ACPI: Interpreter enabled
[    3.175208] ACPI Exception: AE_NOT_FOUND, While evaluating Sleep State [\_S1_] (20150930/hwxface-580)
[    3.181589] ACPI Exception: AE_NOT_FOUND, While evaluating Sleep State [\_S2_] (20150930/hwxface-580)
[    3.183921] ACPI Exception: AE_NOT_FOUND, While evaluating Sleep State [\_S3_] (20150930/hwxface-580)
[    3.195624] ACPI Exception: AE_NOT_FOUND, While evaluating Sleep State [\_S4_] (20150930/hwxface-580)
[    3.198630] ACPI: (supports S0 S5)
[    3.199657] ACPI: Using IOAPIC for interrupt routing
[    3.201323] PCI: Using host bridge windows from ACPI; if necessary, use "pci=nocrs" and report a bug
[    3.213722] ACPI: PCI Root Bridge [PCI0] (domain 0000 [bus 00-ff])
[    3.225063] acpi PNP0A03:00: _OSC: OS supports [ASPM ClockPM Segments MSI]
[    3.233021] acpi PNP0A03:00: _OSC failed (AE_NOT_FOUND); disabling ASPM
[    3.247177] acpi PNP0A03:00: fail to add MMCONFIG information, can't access extended PCI configuration space under this bridge.
[    3.278732] PCI host bridge to bus 0000:00
[    3.285057] pci_bus 0000:00: root bus resource [io  0x0000-0x0cf7 window]
[    3.299079] pci_bus 0000:00: root bus resource [io  0x0d00-0xffff window]
[    3.300584] pci_bus 0000:00: root bus resource [mem 0x000a0000-0x000bffff window]
[    3.304960] pci_bus 0000:00: root bus resource [mem 0x80000000-0xffdfffff window]
[    3.308661] pci_bus 0000:00: root bus resource [bus 00-ff]
[    3.313267] pci 0000:00:01.1: legacy IDE quirk: reg 0x10: [io  0x01f0-0x01f7]
[    3.317104] pci 0000:00:01.1: legacy IDE quirk: reg 0x14: [io  0x03f6]
[    3.319607] pci 0000:00:01.1: legacy IDE quirk: reg 0x18: [io  0x0170-0x0177]
[    3.322396] pci 0000:00:01.1: legacy IDE quirk: reg 0x1c: [io  0x0376]
[    3.413981] ACPI: PCI Interrupt Link [LNKA] (IRQs 5 9 10 11) *0, disabled.
[    3.432361] ACPI: PCI Interrupt Link [LNKB] (IRQs 5 9 10 *11)
[    3.500186] ACPI: PCI Interrupt Link [LNKC] (IRQs 5 9 *10 11)
[    3.530749] ACPI: PCI Interrupt Link [LNKD] (IRQs 5 *9 10 11)
[    3.541754] ACPI: Enabled 2 GPEs in block 00 to 07
[    3.552621] vgaarb: setting as boot device: PCI:0000:00:02.0
[    3.556921] vgaarb: device added: PCI:0000:00:02.0,decodes=io+mem,owns=io+mem,locks=none
[    3.559320] vgaarb: loaded
[    3.560623] vgaarb: bridge control possible 0000:00:02.0
[    3.562598] SCSI subsystem initialized
[    3.564861] ACPI: bus type USB registered
[    3.571993] usbcore: registered new interface driver usbfs
[    3.577447] usbcore: registered new interface driver hub
[    3.586051] usbcore: registered new device driver usb
[    3.596775] PCI: Using ACPI for IRQ routing
[    3.604473] NetLabel: Initializing
[    3.643953] NetLabel:  domain hash size = 128
[    3.691657] NetLabel:  protocols = UNLABELED CIPSOv4
[    3.700149] NetLabel:  unlabeled traffic allowed by default
[    3.762799] clocksource: Switched to clocksource kvm-clock
[   .818260] AppArmor: Apprmor Filesystem Enabled
[    3.923725] pnp: PnP ACPI init
[    3.925695] pnp: PnP ACPI: found 3 devices

[    3940182] clocksource: acpi_p: mask: 0xffffff max_cycles: 0xffffff, max_idle_ns: 2085701024 ns
[    4.026221] NET: Registered protocol family 2

[    4272] TCP established hash table entries: 16384 (order: 5, 131072 bytes)
[  4.220159] TCP bind hash table entries: 16384 (order: 6, 262144 byte)
[   .354535] CP Hash talecongured (established 16384 bind 16384)
[    4.661823] UDP hash table entries: 1024 (order: 3,2768 btes)
[    4.779082] UDP-Lite hash table entries: 1024 (order: 3, 32768 bytes)
[    4.780959] NET: Registered protocol family 1
[    4.782047] pci 0000:00:00.0: Limiting direct PCI/PCI transfers
[    4.783450] pci 0000:00:01.0: Activating ISA DMA hang workarounds
[    4.784979] Trying to unpack rootfs image as initramfs...

[    6.654549] Freeing initrd memory: 7280K (ffff8800371b8000 - ffff8800378d4000)
[    6.685802] RAPL PMU detected, API unit is 2^-32 Joules, 4 fixed counters 10737418240 ms ovfl timer
[    6.726836] hw unit of domain pp0-core 2^-0 Joules
[    6.733454] hw unit of domain package 2^-0 Joules
[    6.752220] hw unit of domain dram 2^-0 Joules
[    6.770951] hw unit of domain pp1-gpu 2^-0 Joules
[    67963] laforrt_cos: gistered platform RTC device (no PNP device found)
[   .1371] Scanning for low memory corruption every 60 seconds

[    7.254955] futex hash table entries: 512 (order: 3, 32768 bytes)
[    7.259118] audit: initializing netlink subsys (disabled)
[    7.265642] audit: type=2000 audit(1470387515.946:1): initialized
[    7.274976] Initialise system trusted keyring
[    7.282249] HugeTLB registered 2 MB page size, pre-allocated 0 pages
[    7.316946] zbud: loaded
[    7.323005] VFS: Disk quotas dquot_6.6.0
[    7.342714] VFS: Dquot-cache hash table entries: 512 (order 0, 4096 bytes)
[    7.344645] squashfs: version 4.0 (2009/01/31) Phillip Lougher
[    7.378741] fuse init (API version 7.23)
[    7.386240] Key type big_key registered
[    7.393611] Allocating IMA MOK and blacklist keyrings.
[    7.405895] Key type asymmetric registered
[    7.416265] Asymmetric key parser 'x509' registered
[    7.437452] Block layer SCSI generic (bsg) driver version 0.4 loaded (major 249)
[    7.466027] io scheduler noop registered
[    7.469225] io scheduler deadline registered (default)
[    7.477746] io scheduler cfq registered
[    7.480617] pci_hotplug: PCI Hot Plug PCI Core version: 0.5
[    7.502493] pciehp: PCI Express Hot Plug Controller Driver version: 0.4
[    7.512722] ACPI: AC Adapter [AC] (on-line)
[    7.521179] input: Power Button as /devices/LNXSYSTM:00/LNXPWRBN:00/input/input0
[    7.533054] ACPI: Power Button [PWRF]
[    7.544529] input: Sleep Button as /devices/LNXSYSTM:00/LNXSLPBN:00/input/input1
[    7.548103] ACPI: Sleep Button [SLPF]
[    7.550262] ACPI: Battery Slot [BAT0] (battery present)
[    7.552227] GHES: HEST is not enabled!
[    7.553298] Serial: 8250/16550 driver, 32 ports, IRQ sharing enabled
[    7.577734] 00:02: ttyS0 at I/O 0x3f8 (irq = 4, base_baud = 115200) is a 16550A
[    7.588401] Linux agpgart interface v0.103
[    7.601337] brd: module loaded
[    7.609676] loop: module loaded
[    7.614183] scsi host0: ata_piix
[    7.624457] scsi host1: ata_piix
[    7.628458] ata1: PATA max UDMA/33 cmd 0x1f0 ctl 0x3f6 bmdma 0xd000 irq 14
[    7.635765] ata2: PATA max UDMA/33 cmd 0x170 ctl 0x376 bmdma 0xd008 irq 15
[    7.653296] libphy: Fixed MDIO Bus: probed
[    7.654475] tun: Universal TUN/TAP device driver, 1.6
[    7.655715] tun: (C) 1999-2004 Max Krasnyansky <maxk@qualcomm.com>
[    7.667488] PPP generic driver version 2.4.2
[    7.668615] ehci_hcd: USB 2.0 'Enhanced' Host Controller (EHCI) Driver
[    7.670147] ehci-pci: EHCI PCI platform driver
[    7.672614] ehci-platform: EHCI generic platform driver
[    7.674984] ohci_hcd: USB 1.1 'Open' Host Controller (OHCI) Driver
[    7.676743] ohci-pci: OHCI PCI platform driver
[    7.678118] ohci-platform: OHCI generic platform driver
[    7.686787] uhci_hcd: USB Universal Host Controller Interface driver
[    7.694010] i8042: PNP: PS/2 Controller [PNP0303:PS2K,PNP0f03:PS2M] at 0x60,0x64 irq 1,12
[    7.718739] serio: i8042 KBD port at 0x60,0x64 irq 1
[    7.723134] serio: i8042 AUX port at 0x60,0x64 irq 12
[    7.727870] mousedev: PS/2 mouse device common for all mice
[    7.740943] rtc_cmos rtc_cmos: rtc core: registered rtc_cmos as rtc0
[    7.756748] input: AT Translated Set 2 keyboard as /devices/platform/i8042/serio0/input/input2
[    7.759015] rtc_cmos rtc_cmos: alarms up to one day, 114 bytes nvram
[    7.767970] i2c /dev entries driver
[    7.782432] device-mapper: uevent: version 1.0.3
[    7.786298] device-mapper: ioctl: 4.34.0-ioctl (2015-10-28) initialised: dm-devel@redhat.com
[    7.792072] ledtrig-cpu: registered to indicate activity on CPUs
[    7.800579] tsc: Refined TSC clocksource calibration: 2599.477 MHz
[    7.807713] clocksource: tsc: mask: 0xffffffffffffffff max_cycles: 0x25784dd190c, max_idle_ns: 440795221483 ns
[    7.808094] NET: Registered protocol family 10
[    7.808413] NET: Registered protocol family 17
[    7.808425] Key type dns_resolver registered
[    7.827206] microcode: CPU0 sig=0x40651, pf=0x40, revision=0x0
[    7.831226] microcode: CPU1 sig=0x40651, pf=0x40, revision=0x0
[    7.831280] microcode: Microcode Update Driver: v2.01 <tigran@aivazian.fsnet.co.uk>, Peter Oruba
[    7.831467] registered taskstats version 1
[    7.831489] Loading compiled-in X.509 certificates
[    7.832431] Loaded X.509 cert 'Build time autogenerated kernel key: cfb4d0870811f0d88a3f3259915bd8e83759f99c'
[    7.832460] zswap: loaded using pool lzo/zbud
[    7.834416] Key type trusted registered
[    7.837349] Key type encrypted registered
[    7.837356] AppArmor: AppArmor sha1 policy hashing enabled
[    7.837359] ima: No TPM chip found, activating TPM-bypass!
[    7.837384] evm: HMAC attrs: 0x1
[    7.837716]   Magic number: 12:675:977
[    7.841941] rtc_cmos rtc_cmos: setting system clock to 2016-08-05 08:58:34 UTC (1470387514)
[    7.842049] BIOS EDD facility v0.16 2004-Jun-25, 0 devices found
[    7.842049] EDD information not available.
[    8.089252] Freeing unused kernel memory: 1480K (ffffffff81f42000 - ffffffff820b4000)
[    8.962482] Write protecting the kernel read-only data: 14336k
[    8.977079] Freeing unused kernel memory: 1836K (ffff880001835000 - ffff880001a00000)
[    9.002369] Freeing unused kernel memory: 156K (ffff880001dd9000 - ffff880001e00000)
Loading, please wait...
starting version[    9.031618] random: systemd-udevd urandom read with 3 bits of entropy available
 229
[    9.098398] e1000: Intel(R) PRO/1000 Network Driver - version 7.3.21-k8-NAPI
[    9.127833] e1000: Copyright (c) 1999-2006 Intel Corporation.
[    9.163603] Fusion MPT base driver 3.04.20
[    9.177344] Copyright (c) 1999-2008 LSI Corporation
[    9.301375] Fusion MPT SPI Host driver 3.04.20
[    9.436211] AVX version of gcm_enc/dec engaged.
[    9.455532] AES CTR mode by8 optimization enabled
[    9.464743] input: ImExPS/2 Generic Explorer Mouse as /devices/platform/i8042/serio1/input/input4
[    9.990280] e1000 0000:00:03.0 eth0: (PCI:33MHz:32-bit) 02:93:8c:c7:da:19
[    9.996143] e1000 0000:00:03.0 eth0: Intel(R) PRO/1000 Network Connection
[   10.007318] mptbase: ioc0: Initiating bringup
[   10.087586] ioc0: LSI53C1030 A0: Capabilities={Initiator}
[   10.261523] scsi host2: ioc0: LSI53C1030 A0, FwRev=00000000h, Ports=1, MaxQ=256, IRQ=20
[   10.375830] scsi 2:0:0:0: Direct-Access     VBOX     HARDDISK         1.0  PQ: 0 ANSI: 5
[   10.425255] scsi target2:0:0: Beginning Domain Validation
[   10.445724] scsi target2:0:0: Domain Validation skipping write tests
[   10.464402] scsi target2:0:0: Ending Domain Validation
[   10.479024] scsi target2:0:0: asynchronous
[   10.512317] scsi 2:0:1:0: Direct-Access     VBOX     HARDDISK         1.0  PQ: 0 ANSI: 5
[   10.534364] scsi target2:0:1: Beginning Domain Validation
[   10.548608] scsi target2:0:1: Domain Validation skipping write tests
[   10.573983] scsi target2:0:1: Ending Domain Validation
[   10.585691] scsi target2:0:1: asynchronous
[   10.717640] sd 2:0:0:0: Attached scsi generic sg0 type 0
[   10.717798] sd 2:0:0:0: [sda] 20971520 512-byte logical blocks: (10.7 GB/10.0 GiB)
[   10.717978] sd 2:0:0:0: [sda] Write Protect is off
[   10.718098] sd 2:0:0:0: [sda] Incomplete mode parameter data
[   10.718099] sd 2:0:0:0: [sda] Assuming drive cache: write through
[   10.733881] sd 2:0:1:0: Attached scsi generic sg1 type 0
[   10.740489] sd 2:0:1:0: [sdb] 20480 512-byte logical blocks: (10.5 MB/10.0 MiB)
[   10.760982] sd 2:0:1:0: [sdb] Write Protect is off
[   10.774865] sd 2:0:1:0: [sdb] Incomplete mode parameter data
[   10.788303] sd 2:0:1:0: [sdb] Assuming drive cache: write through
[   10.799560]  sda: sda1
[   10.810973] sd 2:0:0:0: [sda] Attached SCSI disk
[   10.826958] sd 2:0:1:0: [sdb] Attached SCSI disk
[   10.989791] e1000 0000:00:08.0 eth1: (PCI:33MHz:32-bit) 08:00:27:e0:09:99
[   10.999353] e1000 0000:00:08.0 eth1: Intel(R) PRO/1000 Network Connection
[   11.014201] e1000 0000:00:03.0 enp0s3: renamed from eth0
[   11.031315] e1000 0000:00:08.0 enp0s8: renamed from eth1
[   12.377699] floppy0: no floppy controllers found
Begin: Loading essential drivers[   13.844864] md: linear personality registered for level -1
 ... [   13.856783] md: multipath personality registered for level -4
[   13.930178] md: raid0 personality registered for level 0
[   13.943529] md: raid1 personality registered for level 1
[   14.023080] raid6: sse2x1   gen()  3729 MB/s
[   14.102948] raid6: sse2x1   xor()  4851 MB/s
[   14.179169] raid6: sse2x2   gen()  7936 MB/s
[   14.246985] raid6: sse2x2   xor()  3790 MB/s
[   14.334989] raid6: sse2x4   gen()  7692 MB/s
[   14.410987] raid6: sse2x4   xor()  6775 MB/s
[   14.425295] raid6: using algorithm sse2x2 gen() 7936 MB/s
[   14.432883] raid6: .... xor() 3790 MB/s, rmw enabled
[   14.444222] raid6: using ssse3x2 recovery algorithm
[   14.449863] xor: automatically using best checksumming function:
[   14.502889]    avx       : 20824.000 MB/sec
[   14.509231] async_tx: api initialized (async)
[   14.523590] md: raid6 personality registered for level 6
[   14.538485] md: raid5 personality registered for level 5
[   14.546815] md: raid4 personality registered for level 4
[   14.570065] md: raid10 personality registered for level 10
done.
Begin: Running /scripts/init-premount ... done.
Begin: Mounting root file system ... Begin: Running /scripts/local-top ... done.
Begin: Running /scripts/local-premount ... [   14.617562] Btrfs loaded
Scanning for Btrfs filesystems
done.
Warning: fsck no[   14.709168] EXT4-fs (sda1): mounted filesystem with ordered data mode. Opts: (null)
t present, so skipping root file system
done.
Begin: Running /scripts/local-bottom ... done.
Begin: Running /scripts/init-bottom ... Warning: overlayroot: debug is busted
done.
[   14.924273] systemd[1]: systemd 229 running in system mode. (+PAM +AUDIT +SELINUX +IMA +APPARMOR +SMACK +SYSVINIT +UTMP +LIBCRYPTSETUP +GCRYPT +GNUTLS +ACL +XZ -LZ4 +SECCOMP +BLKID +ELFUTILS +KMOD -IDN)
[   14.993013] systemd[1]: Detected virtualization oracle.
[   15.023150] systemd[1]: Detected architecture x86-64.

Welcome to [1mUbuntu 16.04.1 LTS[0m!

[   15.060146] systemd[1]: Set hostname to <ubuntu-xenial>.
[   15.228826] systemd[1]: Listening on udev Kernel Socket.
[[0;32m  OK  [0m] Listening on udev Kernel Socket.
[   15.275224] systemd[1]: Listening on LVM2 poll daemon socket.
[[0;32m  OK  [0m] Listening on LVM2 poll daemon socket.
[   15.300290] systemd[1]: Created slice User and Session Slice.
[[0;32m  OK  [0m] Created slice User and Session Slice.
[   15.311865] systemd[1]: Set up automount Arbitrary Executable File Formats File System Automount Point.
[[0;32m  OK  [0m] Set up automount Arbitrary Executab...ats File System Automount Point.
[   15.331274] systemd[1]: Listening on /dev/initctl Compatibility Named Pipe.
[[0;32m  OK  [0m] Listening on /dev/initctl Compatibility Named Pipe.
[   15.359223] systemd[1]: Listening on Syslog Socket.
[[0;32m  OK  [0m] Listening on Syslog Socket.
[   15.387018] systemd[1]: Listening on Journal Audit Socket.
[[0;32m  OK  [0m] Listening on Journal Audit Socket.
[   15.415470] systemd[1]: Reached target User and Group Name Lookups.
[[0;32m  OK  [0m] Reached target User and Group Name Lookups.
[   15.434045] systemd[1]: Listening on Device-mapper event daemon FIFOs.
[[0;32m  OK  [0m] Listening on Device-mapper event daemon FIFOs.
[   15.518916] systemd[1]: Started Forward Password Requests to Wall Directory Watch.
[[0;32m  OK  [0m] Started Forward Password Requests to Wall Directory Watch.
[   15.643371] systemd[1]: Listening on udev Control Socket.
[[0;32m  OK  [0m] Listening on udev Control Socket.
[   15.675265] systemd[1]: Reached target Encrypted Volumes.
[[0;32m  OK  [0m] Reached target Encrypted Volumes.
[   15.724809] systemd[1]: Reached target Swap.
[[0;32m  OK  [0m] Reached target Swap.
[   15.771513] systemd[1]: Listening on Journal Socket (/dev/log).
[[0;32m  OK  [0m] Listening on Journal Socket (/dev/log).
[   15.795212] systemd[1]: Listening on LVM2 metadata daemon socket.
[[0;32m  OK  [0m] Listening on LVM2 metadata daemon socket.
[   15.840240] systemd[1]: Created slice System Slice.
[[0;32m  OK  [0m] Created slice System Slice.
[   15.879776] systemd[1]: Created slice system-serial\x2dgetty.slice.
[[0;32m  OK  [0m] Created slice system-serial\x2dgetty.slice.
[   15.927405] systemd[1]: Reached target Slices.
[[0;32m  OK  [0m] Reached target Slices.
[   15.947683] systemd[1]: Listening on Journal Socket.
[[0;32m  OK  [0m] Listening on Journal Socket.
[   15.987175] systemd[1]: Mounting Debug File System...
         Mounting Debug File System...
[   16.013664] systemd[1]: Starting Uncomplicated firewall...
         Starting Uncomplicated firewall...
[   16.051696] systemd[1]: Mounting Huge Pages File System...
         Mounting Huge Pages File System...
[   16.076526] systemd[1]: Starting Create list of required static device nodes for the current kernel...
         Starting Create list of required st... nodes for the current kernel...
[   16.115404] systemd[1]: Starting Monitoring of LVM2 mirrors, snapshots etc. using dmeventd or progress polling...
         Starting Monitoring of LVM2 mirrors... dmeventd or progress polling...
[   16.171359] systemd[1]: Starting Remount Root and Kernel File Systems...
[   16.175612] EXT4-fs (sda1): re-mounted. Opts: (null)
         Starting Remount Root and Kernel File Systems...
[   16.323697] systemd[1]: Starting Load Kernel Modules...
         Starting Load Kernel Modules...
[   16.334777] systemd[1]: Mounting POSIX Message Queue File System...
[   16.344576] Loading iSCSI transport class v2.0-870.
         Mounting POSIX Message Queue File System...
[   16.359499] iscsi: registered transport (tcp)
[   16.387754] systemd[1]: Starting Journal Service...
         Starting Journal Service...
[   16.402217] systemd[1]: Starting Nameserver information manager...
         Starting Nameserver information manager...
[   16.429636] systemd[1]: Starting Set console keymap...
         Starting Set console keymap...
[   16.476352] iscsi: registered transport (iser)
[   16.488831] systemd[1]: Mounted Huge Pages File System.
[[0;32m  OK  [0m] Mounted Huge Pages File System.
[   16.527439] systemd[1]: Mounted POSIX Message Queue File System.
[[0;32m  OK  [0m] Mounted POSIX Message Queue File System.
[   16.556728] systemd[1]: Mounted Debug File System.
[[0;32m  OK  [0m] Mounted Debug File System.
[   16.570035] systemd[1]: tarted Journal Service.

[[0;32m  OK  [0m] Started Journal Service.
[[0;32m  OK  [0m] Started Uncomplicated firewall.
[[0;32m  OK  [0m] Started Create list of required sta...ce nodes for the current kernel.
[[0;32m  OK  [0m] Started Remount Root and Kernel File Systems.
[[0;32m  OK  [0m] Started Load Kernel Modules.
[[0;32m  OK  [0[   16.646982] random: nonblocking pool is initialized
m] Started Set console keymap.
[[0;32m  OK  [0m] Started Nameserver information manager.
[[0;32m  OK  [0m] Started LVM2 metadata daemon.
         Starting Apply Kernel Variables...
         Mounting FUSE Control File System...
         Starting udev Coldplug all Devices...
         Starting Load/Save Random Seed...
         Starting Create Static Device Nodes in /dev...
         Starting Flush Journal to Persistent Storage...
[[0;32m  OK  [0m] Mounted FUSE Control File System.
[[0;32m  OK  [0m] Started Apply Kernel Variables.
[[0;32m  OK  [0m] Started Load/Save Random Seed.
[[0;32m  OK  [0m] Started Create Static Device Nodes in /dev.
[[0;32m  OK  [0m] Started udev Coldplug all Devices.
         Starting udev Kernel Device Manager...
[[0;32m  OK  [0m] Started Flush Journal to Persistent Storage.
[[0;32m  OK  [0m] Started udev Kernel Device Manager.
[[0;32m  OK  [0m] Started Dispatch Password Requests to Console Directory Watch.
[[0;32m  OK  [0m] Started Monitoring of LVM2 mirrors,...ng dmeventd or progress polling.
[[0;32m  OK  [0m] Reached target Local File Systems (Pre).
[[0;32m  OK  [0m] Reached target Local File Systems.
         Starting LSB: AppArmor initialization...
         Starting Initial cloud-init job (pre-networking)...
         Starting Set console font and keymap...
         Starting Create Volatile Files and Directories...
         Starting Tell Plymouth To Write Out Runtime Data...
[[0;32m  OK  [0m] Started Tell Plymouth To Write Out Runtime Data.
[[0;32m  OK  [0m] Started Create Volatile Files and Directories.
         Starting Network Time Synchronization...
         Starting Update UTMP about System Boot/Shutdown...
[[0;32m  OK  [0m] Started Network Time Synchronization.
[[0;32m  OK  [0m] Started LSB: AppArmor initialization.
[[0;32m  OK  [0m] Reached target System Time Synchronized.
[[0;32m  OK  [0m] Started Update UTMP about System Boot/Shutdown.
[[0;32m  OK  [0m] Reached target System Initialization.
[[0;32m  OK  [0m] Listening on ACPID Listen Socket.
[[0;32m  OK  [0m] Started ACPI Events Check.
[[0;32m  OK  [0m] Listening on D-Bus System Message Bus Socket.
[[0;32m  OK  [0m] Started Daily apt activities.
[[0;32m  OK  [0m] Listening on UUID daemon activation socket.
         Starting Socket activation for snappy daemon.
         Starting LXD - unix socket.
[[0;32m  OK  [0m] Started Timer to automatically refresh installed snaps.
[[0;32m  OK  [0m] Started Trigger resolvconf update for networkd DNS.
[[0;32m  OK  [0m] Reached target Paths.
[[0;32m  OK  [0m] Started Daily Cleanup of Temporary Directories.
[[0;32m  OK  [0m] Reached target Timers.
[[0;32m  OK  [0m] Listening on Socket activation for snappy daemon.
[[0;32m  OK  [0m] Listening on LXD - unix socket.
[[0;32m  OK  [0m] Found device /dev/ttyS0.
[[0;32m  OK  [0m] Started Set console font and keymap.
[[0;32m  OK  [0m] Created slice system-getty.slice.
[[0;32m  OK  [0m] Reached target Sockets.
[[0;32m  OK  [0m] Reached target Basic System.
         Starting System Logging Service...
         Starting Login Service...
[[0;32m  OK  [0m] Started Regular background program processing daemon.
         Starting LXD - container startup/shutdown...
[[0;32m  OK  [0m] Started Deferred execution scheduler.
         Starting Accounts Service...
[[0;32m  OK  [0m] Started ACPI event daemon.
[[0;32m  OK  [0m] Started Snappy daemon.
         Starting LSB: Record successful boot for GRUB...
[[0;32m  OK  [0m] Started FUSE filesystem for LXC.
[[0;32m  OK  [0m] Started D-Bus System Message Bus.
         Starting LSB: MD monitoring daemon...
[[0;32m  OK  [0m] Started System Logging Service.
[[0;32m  OK  [0m] Found device 82540EM Gigabit Ethern...r (PRO/1000 MT Desktop Adapter).
[   16.826619] cloud-init[1102]: Cloud-init v. 0.7.7 running 'init-local' at Fri, 05 Aug 2016 08:58:45 +0000. Up 16.18 seconds.
[[0;32m  OK  [0m] Started LSB: Record successful boot for GRUB.
[[0;32m  OK  [0m] Started LSB: MD monitoring daemon.
[[0;32m  OK  [0m] Started Initial cloud-init job (pre-networking).
[[0;32m  OK  [0m] Found device 82540EM Gigabit Ethern...r (PRO/1000 MT Desktop Adapter).
[[0;32m  OK  [0m] Started Login Service.
         Starting Authenticate and Authorize Users to Run Privileged Tasks...
[[0;32m  OK  [0m] Reached target Network (Pre).
[[0;32m  OK  [0m] Started ifup for enp0s3.
[[0;32m  OK  [0m] Started ifup for enp0s8.
         Starting Raise network interfaces...
[[0;32m  OK  [0m] Listening on Load/Save RF Kill Switch Status /dev/rfkill Watch.
[[0;32m  OK  [0m] Started Authenticate and Authorize Users to Run Privileged Tasks.
[[0;32m  OK  [0m] Started Accounts Service.
[[0;32m  OK  [0m] Started Raise network interfaces.
[[0;32m  OK  [0m] Reached target Network.
         Starting MariaDB database server...
         Starting Automatically refresh installed snaps...
         Starting Initial cloud-init job (metadata service crawler)...
[[0;32m  OK  [0m] Started Automatically refresh installed snaps.
[   19.616251] cloud-init[2209]: Cloud-init v. 0.7.7 running 'init' at Fri, 05 Aug 2016 08:58:48 +0000. Up 18.97 seconds.
[[0;32m  OK  [0m] Started MariaDB database server.
[   19.617239] cloud-init[2209]: ci-info: +++++++++++++++++++++++++++++++++++++Net device info++++++++++++++++++++++++++++++++++++++
[   19.812975] cloud-init[2209]: ci-info: +--------+------+----------------------------+---------------+-------+-------------------+
[[0;32m  OK  [0m] Started Initial cloud-init job (metadata service crawler).
[   19.813312] cloud-init[2209]: ci-info: | Device |  Up  |          Address           |      Mask     | Scope |     Hw-Address    |
[   19.912680] cloud-init[2209]: ci-info: +--------+------+----------------------------+---------------+-------+-------------------+
[   19.913067] cloud-init[2209]: ci-info: | enp0s3 | True |         10.0.2.15          | 255.255.255.0 |   .   | 02:93:8c:c7:da:19 |
[[0;32m  OK  [0m] Reached target Network is Online.
[   19.913492] cloud-init[2209]: ci-info: | enp0s3 | True | fe80::93:8cff:fec7:da19/64 |       .       |  link | 02:93:8c:c7:da:19 |
[   20.076862] cloud-init[2209]: ci-info: | enp0s8 | True |       192.168.33.10        | 255.255.255.0 |   .   | 08:00:27:e0:09:99 |
[   20.077263] cloud-init[2209]: ci-info: | enp0s8 | True | fe80::a00:27ff:fee0:999/64 |       .       |  link | 08:00:27:e0:09:99 |
         Starting iSCSI initiator daemon (iscsid)...
[   20.077475] cloud-init[2209]: ci-info: |   lo   | True |         127.0.0.1          |   255.0.0.0   |   .   |         .         |
[   20.180032] cloud-init[2209]: ci-info: |   lo   | True |          ::1/128           |       .       |  host |         .         |
[   20.207913] cloud-init[2209]: ci-info: +--------+------+----------------------------+---------------+-------+-------------------+
[   20.208429] cloud-init[2209]: ci-info: ++++++++++++++++++++++++++++Route IPv4 info++++++++++++++++++++++++++++
         Starting /etc/rc.local Compatibility...
[   20.208687] cloud-init[2209]: ci-info: +-------+--------------+----------+---------------+-----------+-------+
[   20.305260] cloud-init[2209]: ci-info: | Route | Destination  | Gateway  |    Genmask    | Interface | Flags |
[   20.305830] cloud-init[2209]: ci-info: +-------+--------------+----------+---------------+-----------+-------+
[[0;32m  OK  [0m] Reached target Cloud-config availability.
[   20.306134] cloud-init[2209]: ci-info: |   0   |   0.0.0.0    | 10.0.2.2 |    0.0.0.0    |   enp0s3  |   UG  |
[   20.452728] cloud-init[2209]: ci-info: |   1   |   10.0.2.0   | 0.0.0.0  | 255.255.255.0 |   enp0s3  |   U   |
         Starting Apply the settings specified in cloud-config...
[   20.564301] cloud-init[2209]: ci-info: |   2   | 192.168.33.0 | 0.0.0.0  | 255.255.255.0 |   enp0s8  |   U   |
         Starting OpenBSD Secure Shell server...
[[0;32m  OK  [0m] Started OpenBSD Secure Shell server.
[   20.649547] cloud-init[2209]: ci-info: +-------+--------------+----------+---------------+-----------+-------+
[[0;32m  OK  [0m] Started /etc/rc.local Compatibility.
[[0;32m  OK  [0m] Started iSCSI initiator daemon (iscsid).
         Starting Login to default iSCSI targets...
[[0;32m  OK  [0m] Started Login to default iSCSI targets.
[[0;32m  OK  [0m] Reached target Remote File Systems (Pre).
[[0;32m  OK  [0m] Reached target Remote File Systems.
         Starting Permit User Sessions...
         Starting LSB: Stop/start nginx...
         Starting LSB: daemon to balance interrupts for SMP systems...
         Starting LSB: automatic crash report generation...
         Starting LSB: Set the CPU Frequency Scaling governor to "ondemand"...
[[0;32m  OK  [0m] Started Permit User Sessions.
[   21.122918] cloud-init[2465]: Cloud-init v. 0.7.7 running 'modules:config' at Fri, 05 Aug 2016 08:58:50 +0000. Up 20.98 seconds.
[[0;32m  OK  [0m] Created slice User Slice of ubuntu.
         Starting User Manager for UID 1000...
[[0;32m  OK  [0m] Started Session 1 of user ubuntu.
         Starting Hold until boot process finishes up...
         Starting Terminate Plymouth Boot Screen...
[[0;32m  OK  [0m] Started User Manager for UID 1000.
[[0;32m  OK  [0m] Started Apply the settings specified in cloud-config.
[[0;32m  OK  [0m] Started LSB: Stop/start nginx.
[[0;32m  OK  [0m] Started LSB: daemon to balance interrupts for SMP systems.
[[0;32m  OK  [0m] Started LSB: automatic crash report generation.
[[0;32m  OK  [0m] Started Hold until boot process finishes up.
[[0;32m  OK  [0m] Started Terminate Plymouth Boot Screen.
[[0;32m  OK  [0m] Started LSB: Set the CPU Frequency Scaling governor to "ondemand".
[[0;32m  OK  [0m] Started Getty on tty1.
         Starting Set console scheme...
[[0;32m  OK  [0m] Started Serial Getty on ttyS0.
[[0;32m  OK  [0m] Reached target Login Prompts.
         Starting Execute cloud user/final scripts...
[[0;32m  OK  [0m] Started Set console scheme.
[   22.440875] cloud-init[2566]: Cloud-init v. 0.7.7 running 'modules:final' at Fri, 05 Aug 2016 08:58:52 +0000. Up 22.36 seconds.
[[0;32m  OK  [0m] Started Execute cloud user/final scripts.
[   22.518173] cloud-init[2566]: Cloud-init v. 0.7.7 finished at Fri, 05 Aug 2016 08:58:52 +0000. Datasource DataSourceNoCloud [seed=/dev/sdb][dsmode=net].  Up 22.43 seconds
[[0;32m  OK  [0m] Reached target Cloud-init target.
         Stopping User Manager for UID 1000...
[[0;32m  OK  [0m] Stopped User Manager for UID 1000.
[[0;32m  OK  [0m] Removed slice User Slice of ubuntu.

Ubuntu 16.04.1 LTS ubuntu-xenial ttyS0

ubuntu-xenial login: 